3334 : 2025-08-12 09:05:27,062 : INFO : telemetry.main : Attempt start. Configuration directory [/home/azureuser/.azure]. Cache directory [/home/azureuser/.azure/telemetry/20250812090526829].
3334 : 2025-08-12 09:05:27,062 : INFO : telemetry.records : 1 cache files to upload.
3334 : 2025-08-12 09:05:27,062 : INFO : telemetry.records : Processed file /home/azureuser/.azure/telemetry/20250812090526829/cache into 1 records.
3334 : 2025-08-12 09:05:27,063 : INFO : telemetry.records : Remove directory /home/azureuser/.azure/telemetry/20250812090526829
3334 : 2025-08-12 09:05:27,064 : INFO : telemetry.client : Accumulated 1 events. Flush the clients.
3334 : 2025-08-12 09:05:27,064 : INFO : telemetry.client : Flush client c4395b75-49cc-422c-bc95-c7d51aef5d46.
3334 : 2025-08-12 09:05:27,169 : INFO : telemetry.sender : Sending 4009 bytes
3334 : 2025-08-12 09:05:27,170 : INFO : telemetry.sender : Finish uploading in 0.105206 seconds.
3356 : 2025-08-12 09:05:40,670 : INFO : telemetry.main : Attempt start. Configuration directory [/home/azureuser/.azure]. Cache directory [/home/azureuser/.azure/telemetry/20250812090540544].
3356 : 2025-08-12 09:05:40,670 : INFO : telemetry.records : 1 cache files to upload.
3356 : 2025-08-12 09:05:40,670 : INFO : telemetry.records : Processed file /home/azureuser/.azure/telemetry/20250812090540544/cache into 1 records.
3356 : 2025-08-12 09:05:40,670 : INFO : telemetry.records : Remove directory /home/azureuser/.azure/telemetry/20250812090540544
3356 : 2025-08-12 09:05:40,671 : INFO : telemetry.client : Accumulated 1 events. Flush the clients.
3356 : 2025-08-12 09:05:40,671 : INFO : telemetry.client : Flush client c4395b75-49cc-422c-bc95-c7d51aef5d46.
3356 : 2025-08-12 09:05:40,725 : INFO : telemetry.sender : Sending 4008 bytes
3356 : 2025-08-12 09:05:40,725 : INFO : telemetry.sender : Finish uploading in 0.054373 seconds.
3383 : 2025-08-12 09:06:36,048 : INFO : telemetry.main : Attempt start. Configuration directory [/home/azureuser/.azure]. Cache directory [/home/azureuser/.azure/telemetry/20250812090635901].
3383 : 2025-08-12 09:06:36,048 : INFO : telemetry.records : 1 cache files to upload.
3383 : 2025-08-12 09:06:36,048 : INFO : telemetry.records : Processed file /home/azureuser/.azure/telemetry/20250812090635901/cache into 1 records.
3383 : 2025-08-12 09:06:36,048 : INFO : telemetry.records : Remove directory /home/azureuser/.azure/telemetry/20250812090635901
3383 : 2025-08-12 09:06:36,049 : INFO : telemetry.client : Accumulated 1 events. Flush the clients.
3383 : 2025-08-12 09:06:36,049 : INFO : telemetry.client : Flush client c4395b75-49cc-422c-bc95-c7d51aef5d46.
3383 : 2025-08-12 09:06:36,143 : INFO : telemetry.sender : Sending 4130 bytes
3383 : 2025-08-12 09:06:36,143 : INFO : telemetry.sender : Finish uploading in 0.094591 seconds.
